  DGKBase.cpp
D:\SourceTree\darkgamekit-raylib\DarkGameKit_Lib\DGKBase.cpp(529,31): warning C4244: 'argument': conversion from 'float' to 'int', possible loss of data
D:\SourceTree\darkgamekit-raylib\DarkGameKit_Lib\DGKBase.cpp(529,23): warning C4244: 'argument': conversion from 'float' to 'int', possible loss of data
D:\SourceTree\darkgamekit-raylib\DarkGameKit_Lib\DGKBase.cpp(534,37): warning C4244: 'argument': conversion from 'float' to 'int', possible loss of data
D:\SourceTree\darkgamekit-raylib\DarkGameKit_Lib\DGKBase.cpp(534,29): warning C4244: 'argument': conversion from 'float' to 'int', possible loss of data
D:\SourceTree\darkgamekit-raylib\DarkGameKit_Lib\DGKBase.cpp(542,37): warning C4244: 'argument': conversion from 'float' to 'int', possible loss of data
D:\SourceTree\darkgamekit-raylib\DarkGameKit_Lib\DGKBase.cpp(542,29): warning C4244: 'argument': conversion from 'float' to 'int', possible loss of data
D:\SourceTree\darkgamekit-raylib\DarkGameKit_Lib\DGKBase.cpp(563,28): warning C4244: '=': conversion from 'int' to 'float', possible loss of data
D:\SourceTree\darkgamekit-raylib\DarkGameKit_Lib\DGKBase.cpp(564,25): warning C4244: '=': conversion from 'int' to 'float', possible loss of data
  DGKCore.cpp
D:\SourceTree\darkgamekit-raylib\DarkGameKit_Lib\DGKBase.cpp(550,14): warning C4101: 'trial_font': unreferenced local variable
D:\SourceTree\darkgamekit-raylib\DarkGameKit_Lib\DGKCore.cpp(53,19): warning C4244: '=': conversion from 'int' to 'float', possible loss of data
D:\SourceTree\darkgamekit-raylib\DarkGameKit_Lib\DGKCore.cpp(54,19): warning C4244: '=': conversion from 'int' to 'float', possible loss of data
  DGKText.cpp
D:\SourceTree\darkgamekit-raylib\DarkGameKit_Lib\DGKCore.cpp(71,17): warning C4244: '=': conversion from 'int' to 'float', possible loss of data
D:\SourceTree\darkgamekit-raylib\DarkGameKit_Lib\DGKText.cpp(10,12): warning C4244: '=': conversion from 'int' to 'float', possible loss of data
D:\SourceTree\darkgamekit-raylib\DarkGameKit_Lib\DGKText.cpp(11,12): warning C4244: '=': conversion from 'int' to 'float', possible loss of data
D:\SourceTree\darkgamekit-raylib\DarkGameKit_Lib\DGKText.cpp(21,16): warning C4244: '=': conversion from 'int' to 'float', possible loss of data
  Generating Code...
D:\SourceTree\darkgamekit-raylib\DarkGameKit_Lib\DGKText.cpp(22,12): warning C4244: '=': conversion from 'int' to 'float', possible loss of data
  DarkGameKit_Lib.vcxproj -> D:\SourceTree\darkgamekit-raylib\x64\Debug\DarkGameKit_Lib.lib
